Release 13.3 - xst O.76xd (nt64)
Copyright (c) 1995-2011 Xilinx, Inc.  All rights reserved.
--> Parameter TMPDIR set to xst/projnav.tmp


Total REAL time to Xst completion: 0.00 secs
Total CPU time to Xst completion: 0.64 secs
 
--> Parameter xsthdpdir set to xst


Total REAL time to Xst completion: 0.00 secs
Total CPU time to Xst completion: 0.65 secs
 
--> Reading design: lupa_tstbc.prj

TABLE OF CONTENTS
  1) Synthesis Options Summary
  2) HDL Parsing
  3) HDL Elaboration
  4) HDL Synthesis
       4.1) HDL Synthesis Report
  5) Advanced HDL Synthesis
       5.1) Advanced HDL Synthesis Report
  6) Low Level Synthesis
  7) Partition Report
  8) Design Summary
       8.1) Primitive and Black Box Usage
       8.2) Device utilization summary
       8.3) Partition Resource Summary
       8.4) Timing Report
            8.4.1) Clock Information
            8.4.2) Asynchronous Control Signals Information
            8.4.3) Timing Summary
            8.4.4) Timing Details
            8.4.5) Cross Clock Domains Report


=========================================================================
*                      Synthesis Options Summary                        *
=========================================================================
---- Source Parameters
Input File Name                    : "lupa_tstbc.prj"
Ignore Synthesis Constraint File   : NO

---- Target Parameters
Output File Name                   : "lupa_tstbc"
Output Format                      : NGC
Target Device                      : xc6slx25-3-ftg256

---- Source Options
Top Module Name                    : lupa_tstbc
Automatic FSM Extraction           : YES
FSM Encoding Algorithm             : Auto
Safe Implementation                : No
FSM Style                          : LUT
RAM Extraction                     : Yes
RAM Style                          : Auto
ROM Extraction                     : Yes
Shift Register Extraction          : YES
ROM Style                          : Auto
Resource Sharing                   : YES
Asynchronous To Synchronous        : NO
Shift Register Minimum Size        : 2
Use DSP Block                      : Auto
Automatic Register Balancing       : No

---- Target Options
LUT Combining                      : Auto
Reduce Control Sets                : Auto
Add IO Buffers                     : YES
Global Maximum Fanout              : 100000
Add Generic Clock Buffer(BUFG)     : 16
Register Duplication               : YES
Optimize Instantiated Primitives   : NO
Use Clock Enable                   : Auto
Use Synchronous Set                : Auto
Use Synchronous Reset              : Auto
Pack IO Registers into IOBs        : Auto
Equivalent register Removal        : YES

---- General Options
Optimization Goal                  : Speed
Optimization Effort                : 1
Power Reduction                    : NO
Keep Hierarchy                     : No
Netlist Hierarchy                  : As_Optimized
RTL Output                         : Yes
Global Optimization                : AllClockNets
Read Cores                         : YES
Write Timing Constraints           : NO
Cross Clock Analysis               : NO
Hierarchy Separator                : /
Bus Delimiter                      : <>
Case Specifier                     : Maintain
Slice Utilization Ratio            : 100
BRAM Utilization Ratio             : 100
DSP48 Utilization Ratio            : 100
Auto BRAM Packing                  : NO
Slice Utilization Ratio Delta      : 5

=========================================================================


=========================================================================
*                          HDL Parsing                                  *
=========================================================================
Analyzing Verilog file "C:\Users\yingyu\Desktop\LUPA_ISE\lupa_spi_v2\lupa_spi_v2\lupa_spi_v2.v" into library work
Parsing module <lupa_spi_v2>.
Analyzing Verilog file "C:\Users\yingyu\Desktop\LUPA_ISE\lupa_spi_v2\lupa_spi_v2\lupa_tstbc.v" into library work
Parsing module <lupa_tstbc>.

=========================================================================
*                            HDL Elaboration                            *
=========================================================================

Elaborating module <lupa_tstbc>.
WARNING:HDLCompiler:872 - "C:\Users\yingyu\Desktop\LUPA_ISE\lupa_spi_v2\lupa_spi_v2\lupa_tstbc.v" Line 48: Using initial value of start since it is never assigned

Elaborating module <lupa_spi_v2>.
WARNING:HDLCompiler:91 - "C:\Users\yingyu\Desktop\LUPA_ISE\lupa_spi_v2\lupa_spi_v2\lupa_spi_v2.v" Line 75: Signal <addr> missing in the sensitivity list is added for synthesis purposes. HDL and post-synthesis simulations may differ as a result.
WARNING:HDLCompiler:91 - "C:\Users\yingyu\Desktop\LUPA_ISE\lupa_spi_v2\lupa_spi_v2\lupa_spi_v2.v" Line 79: Signal <addr> missing in the sensitivity list is added for synthesis purposes. HDL and post-synthesis simulations may differ as a result.
WARNING:HDLCompiler:91 - "C:\Users\yingyu\Desktop\LUPA_ISE\lupa_spi_v2\lupa_spi_v2\lupa_spi_v2.v" Line 84: Signal <addr> missing in the sensitivity list is added for synthesis purposes. HDL and post-synthesis simulations may differ as a result.
WARNING:HDLCompiler:91 - "C:\Users\yingyu\Desktop\LUPA_ISE\lupa_spi_v2\lupa_spi_v2\lupa_spi_v2.v" Line 89: Signal <addr> missing in the sensitivity list is added for synthesis purposes. HDL and post-synthesis simulations may differ as a result.
WARNING:HDLCompiler:91 - "C:\Users\yingyu\Desktop\LUPA_ISE\lupa_spi_v2\lupa_spi_v2\lupa_spi_v2.v" Line 95: Signal <dat> missing in the sensitivity list is added for synthesis purposes. HDL and post-synthesis simulations may differ as a result.
WARNING:HDLCompiler:91 - "C:\Users\yingyu\Desktop\LUPA_ISE\lupa_spi_v2\lupa_spi_v2\lupa_spi_v2.v" Line 100: Signal <dat> missing in the sensitivity list is added for synthesis purposes. HDL and post-synthesis simulations may differ as a result.
WARNING:HDLCompiler:91 - "C:\Users\yingyu\Desktop\LUPA_ISE\lupa_spi_v2\lupa_spi_v2\lupa_spi_v2.v" Line 105: Signal <dat> missing in the sensitivity list is added for synthesis purposes. HDL and post-synthesis simulations may differ as a result.
WARNING:HDLCompiler:91 - "C:\Users\yingyu\Desktop\LUPA_ISE\lupa_spi_v2\lupa_spi_v2\lupa_spi_v2.v" Line 110: Signal <dat> missing in the sensitivity list is added for synthesis purposes. HDL and post-synthesis simulations may differ as a result.
WARNING:HDLCompiler:91 - "C:\Users\yingyu\Desktop\LUPA_ISE\lupa_spi_v2\lupa_spi_v2\lupa_spi_v2.v" Line 115: Signal <dat> missing in the sensitivity list is added for synthesis purposes. HDL and post-synthesis simulations may differ as a result.
WARNING:HDLCompiler:91 - "C:\Users\yingyu\Desktop\LUPA_ISE\lupa_spi_v2\lupa_spi_v2\lupa_spi_v2.v" Line 120: Signal <dat> missing in the sensitivity list is added for synthesis purposes. HDL and post-synthesis simulations may differ as a result.
WARNING:HDLCompiler:91 - "C:\Users\yingyu\Desktop\LUPA_ISE\lupa_spi_v2\lupa_spi_v2\lupa_spi_v2.v" Line 125: Signal <dat> missing in the sensitivity list is added for synthesis purposes. HDL and post-synthesis simulations may differ as a result.
WARNING:HDLCompiler:91 - "C:\Users\yingyu\Desktop\LUPA_ISE\lupa_spi_v2\lupa_spi_v2\lupa_spi_v2.v" Line 130: Signal <dat> missing in the sensitivity list is added for synthesis purposes. HDL and post-synthesis simulations may differ as a result.
WARNING:HDLCompiler:91 - "C:\Users\yingyu\Desktop\LUPA_ISE\lupa_spi_v2\lupa_spi_v2\lupa_spi_v2.v" Line 135: Signal <dat> missing in the sensitivity list is added for synthesis purposes. HDL and post-synthesis simulations may differ as a result.
WARNING:HDLCompiler:91 - "C:\Users\yingyu\Desktop\LUPA_ISE\lupa_spi_v2\lupa_spi_v2\lupa_spi_v2.v" Line 140: Signal <dat> missing in the sensitivity list is added for synthesis purposes. HDL and post-synthesis simulations may differ as a result.
WARNING:HDLCompiler:91 - "C:\Users\yingyu\Desktop\LUPA_ISE\lupa_spi_v2\lupa_spi_v2\lupa_spi_v2.v" Line 145: Signal <dat> missing in the sensitivity list is added for synthesis purposes. HDL and post-synthesis simulations may differ as a result.
WARNING:HDLCompiler:91 - "C:\Users\yingyu\Desktop\LUPA_ISE\lupa_spi_v2\lupa_spi_v2\lupa_spi_v2.v" Line 150: Signal <dat> missing in the sensitivity list is added for synthesis purposes. HDL and post-synthesis simulations may differ as a result.
WARNING:HDLCompiler:91 - "C:\Users\yingyu\Desktop\LUPA_ISE\lupa_spi_v2\lupa_spi_v2\lupa_spi_v2.v" Line 157: Signal <nrc> missing in the sensitivity list is added for synthesis purposes. HDL and post-synthesis simulations may differ as a result.
WARNING:HDLCompiler:413 - "C:\Users\yingyu\Desktop\LUPA_ISE\lupa_spi_v2\lupa_spi_v2\lupa_spi_v2.v" Line 157: Result of 5-bit expression is truncated to fit in 4-bit target.
WARNING:HDLCompiler:413 - "C:\Users\yingyu\Desktop\LUPA_ISE\lupa_spi_v2\lupa_spi_v2\lupa_spi_v2.v" Line 207: Result of 7-bit expression is truncated to fit in 6-bit target.
WARNING:HDLCompiler:1127 - "C:\Users\yingyu\Desktop\LUPA_ISE\lupa_spi_v2\lupa_spi_v2\lupa_tstbc.v" Line 42: Assignment to spi_clk ignored, since the identifier is never used
WARNING:HDLCompiler:1127 - "C:\Users\yingyu\Desktop\LUPA_ISE\lupa_spi_v2\lupa_spi_v2\lupa_tstbc.v" Line 43: Assignment to spi_en ignored, since the identifier is never used
WARNING:HDLCompiler:1127 - "C:\Users\yingyu\Desktop\LUPA_ISE\lupa_spi_v2\lupa_spi_v2\lupa_tstbc.v" Line 44: Assignment to spi_dat ignored, since the identifier is never used
WARNING:HDLCompiler:1127 - "C:\Users\yingyu\Desktop\LUPA_ISE\lupa_spi_v2\lupa_spi_v2\lupa_tstbc.v" Line 45: Assignment to cfg_DONE ignored, since the identifier is never used
WARNING:Xst:2972 - "c:/users/yingyu/desktop/lupa_ise/lupa_spi_v2/lupa_spi_v2/lupa_tstbc.v" line 38. All outputs of instance <uut> of block <lupa_spi_v2> are unconnected in block <lupa_tstbc>. Underlying logic will be removed.

=========================================================================
*                           HDL Synthesis                               *
=========================================================================

Synthesizing Unit <lupa_tstbc>.
    Related source file is "c:/users/yingyu/desktop/lupa_ise/lupa_spi_v2/lupa_spi_v2/lupa_tstbc.v".
INFO:Xst:3210 - "c:/users/yingyu/desktop/lupa_ise/lupa_spi_v2/lupa_spi_v2/lupa_tstbc.v" line 38: Output port <spi_clk> of the instance <uut> is unconnected or connected to loadless signal.
INFO:Xst:3210 - "c:/users/yingyu/desktop/lupa_ise/lupa_spi_v2/lupa_spi_v2/lupa_tstbc.v" line 38: Output port <spi_en> of the instance <uut> is unconnected or connected to loadless signal.
INFO:Xst:3210 - "c:/users/yingyu/desktop/lupa_ise/lupa_spi_v2/lupa_spi_v2/lupa_tstbc.v" line 38: Output port <spi_dat> of the instance <uut> is unconnected or connected to loadless signal.
INFO:Xst:3210 - "c:/users/yingyu/desktop/lupa_ise/lupa_spi_v2/lupa_spi_v2/lupa_tstbc.v" line 38: Output port <cfg_DONE> of the instance <uut> is unconnected or connected to loadless signal.
    Summary:
	no macro.
Unit <lupa_tstbc> synthesized.

=========================================================================
HDL Synthesis Report

Found no macro
=========================================================================

=========================================================================
*                       Advanced HDL Synthesis                          *
=========================================================================


=========================================================================
Advanced HDL Synthesis Report

Found no macro
=========================================================================

=========================================================================
*                         Low Level Synthesis                           *
=========================================================================

Optimizing unit <lupa_tstbc> ...

Mapping all equations...
Building and optimizing final netlist ...
Found area constraint ratio of 100 (+ 5) on block lupa_tstbc, actual ratio is 0.

Final Macro Processing ...

=========================================================================
Final Register Report

Found no macro
=========================================================================

=========================================================================
*                           Partition Report                            *
=========================================================================

Partition Implementation Status
-------------------------------

  No Partitions were found in this design.

-------------------------------

=========================================================================
*                            Design Summary                             *
=========================================================================

Top Level Output File Name         : lupa_tstbc.ngc

Primitive and Black Box Usage:
------------------------------

Device utilization summary:
---------------------------

Selected Device : 6slx25ftg256-3 


Slice Logic Utilization: 

Slice Logic Distribution: 
 Number of LUT Flip Flop pairs used:      0
   Number with an unused Flip Flop:       0  out of      0         
   Number with an unused LUT:             0  out of      0         
   Number of fully used LUT-FF pairs:     0  out of      0         
   Number of unique control sets:         0

IO Utilization: 
 Number of IOs:                           0
 Number of bonded IOBs:                   0  out of    186     0%  

Specific Feature Utilization:

---------------------------
Partition Resource Summary:
---------------------------

  No Partitions were found in this design.

---------------------------


=========================================================================
Timing Report

NOTE: THESE TIMING NUMBERS ARE ONLY A SYNTHESIS ESTIMATE.
      FOR ACCURATE TIMING INFORMATION PLEASE REFER TO THE TRACE REPORT
      GENERATED AFTER PLACE-and-ROUTE.

Clock Information:
------------------
No clock signals found in this design

Asynchronous Control Signals Information:
----------------------------------------
No asynchronous control signals found in this design

Timing Summary:
---------------
Speed Grade: -3

   Minimum period: No path found
   Minimum input arrival time before clock: No path found
   Maximum output required time after clock: No path found
   Maximum combinational path delay: No path found

Timing Details:
---------------
All values displayed in nanoseconds (ns)

=========================================================================

Cross Clock Domains Report:
--------------------------

=========================================================================


Total REAL time to Xst completion: 8.00 secs
Total CPU time to Xst completion: 8.42 secs
 
--> 

Total memory usage is 249588 kilobytes

Number of errors   :    0 (   0 filtered)
Number of warnings :   25 (   0 filtered)
Number of infos    :    4 (   0 filtered)

